<?xml version="1.0" encoding="UTF-8"?>
<!-- Generated by org.testng.reporters.JUnitReportReporter -->
<testsuite hostname="LAPTOP-E956GLFD" failures="0" tests="4" name="SampleTestngMethods" time="0.015" errors="0" timestamp="2021-10-05T07:35:08 IST" skipped="0">
  <testcase classname="SampleTestngMethods" name="method2" time="0.001"/>
  <system-out/>
  <testcase classname="SampleTestngMethods" name="method1" time="0.011"/>
  <system-out/>
  <testcase classname="SampleTestngMethods" name="method3" time="0.001"/>
  <system-out/>
  <testcase classname="SampleTestngMethods" name="method4" time="0.002"/>
  <system-out/>
</testsuite> <!-- SampleTestngMethods -->
