<?xml version="1.0" encoding="UTF-8"?>
<!-- Generated by org.testng.reporters.JUnitReportReporter -->
<testsuite hostname="LAPTOP-E956GLFD" failures="0" tests="2" name="TestNg_Annotations" time="0.031" errors="0" timestamp="2021-10-05T07:44:49 IST" skipped="0">
  <testcase classname="TestNg_Annotations" name="test" time="0.016"/>
  <system-out/>
  <testcase classname="TestNg_Annotations" name="method3" time="0.015"/>
  <system-out/>
</testsuite> <!-- TestNg_Annotations -->
