<?xml version="1.0" encoding="UTF-8"?>
<!-- Generated by org.testng.reporters.JUnitReportReporter -->
<testsuite hostname="LAPTOP-E956GLFD" failures="0" tests="3" name="Before_Testng_Method" time="0.019" errors="0" timestamp="2021-10-10T19:58:53 IST" skipped="0">
  <testcase classname="Before_Testng_Method" name="test1" time="0.014"/>
  <system-out/>
  <testcase classname="Before_Testng_Method" name="test2" time="0.003"/>
  <system-out/>
  <testcase classname="Before_Testng_Method" name="test3" time="0.002"/>
  <system-out/>
</testsuite> <!-- Before_Testng_Method -->
