<?xml version="1.0" encoding="UTF-8"?>
<!-- Generated by org.testng.reporters.JUnitReportReporter -->
<testsuite hostname="LAPTOP-E956GLFD" failures="0" tests="1" name="LoginTest" time="3.435" errors="0" timestamp="2021-10-10T21:03:45 IST" skipped="0">
  <testcase classname="LoginTest" name="logintest" time="3.435"/>
  <system-out/>
</testsuite> <!-- LoginTest -->
