<?xml version="1.0" encoding="UTF-8"?>
<!-- Generated by org.testng.reporters.JUnitReportReporter -->
<testsuite hostname="LAPTOP-E956GLFD" failures="0" tests="1" name="com.crm.tests.ContactsTest" time="20.086" errors="0" timestamp="2021-10-06T07:36:20 IST" skipped="0">
  <testcase classname="com.crm.tests.ContactsTest" name="contactsTest" time="20.086"/>
  <system-out/>
</testsuite> <!-- com.crm.tests.ContactsTest -->
