<?xml version="1.0" encoding="UTF-8"?>
<!-- Generated by org.testng.reporters.JUnitReportReporter -->
<testsuite hostname="LAPTOP-E956GLFD" failures="0" tests="2" name="com.crm.tests.LoginTest" time="20.099" errors="0" timestamp="2021-10-06T07:36:20 IST" skipped="0">
  <testcase classname="com.crm.tests.LoginTest" name="logintest" time="8.146"/>
  <system-out/>
  <testcase classname="com.crm.tests.LoginTest" name="invalidlogintest" time="11.953"/>
  <system-out/>
</testsuite> <!-- com.crm.tests.LoginTest -->
