<?xml version="1.0" encoding="UTF-8"?>
<!-- Generated by org.testng.reporters.JUnitReportReporter -->
<testsuite hostname="LAPTOP-E956GLFD" failures="0" tests="1" name="com.crm.tests.FormsTest" time="25.886" errors="0" timestamp="2021-10-06T07:36:20 IST" skipped="0">
  <testcase classname="com.crm.tests.FormsTest" name="formTest" time="25.886"/>
  <system-out/>
</testsuite> <!-- com.crm.tests.FormsTest -->
