<?xml version="1.0" encoding="UTF-8"?>
<!-- Generated by org.testng.reporters.JUnitReportReporter -->
<testsuite hostname="LAPTOP-E956GLFD" failures="0" tests="2" name="SampleTest" time="0.012" errors="0" timestamp="2021-11-04T06:50:38 IST" skipped="0">
  <testcase classname="SampleTest" name="method2" time="0.001"/>
  <system-out/>
  <testcase classname="SampleTest" name="method1" time="0.011"/>
  <system-out/>
</testsuite> <!-- SampleTest -->
