<?xml version="1.0" encoding="UTF-8"?>
<!-- Generated by org.testng.reporters.JUnitReportReporter -->
<testsuite hostname="LAPTOP-E956GLFD" failures="0" tests="3" name="TestngAnnotations" time="0.021" errors="0" timestamp="2021-11-04T06:55:45 IST" skipped="0">
  <testcase classname="TestngAnnotations" name="method2" time="0.008"/>
  <system-out/>
  <testcase classname="TestngAnnotations" name="method1" time="0.011"/>
  <system-out/>
  <testcase classname="TestngAnnotations" name="method3" time="0.002"/>
  <system-out/>
</testsuite> <!-- TestngAnnotations -->
