<?xml version="1.0" encoding="UTF-8"?>
<!-- Generated by org.testng.reporters.JUnitReportReporter -->
<testsuite hostname="LAPTOP-E956GLFD" failures="0" tests="1" name="com.sauce.testcases.PlaceOrder" time="12.233" errors="0" timestamp="2021-11-04T07:29:50 IST" skipped="0">
  <testcase classname="com.sauce.testcases.PlaceOrder" name="placeOrder" time="12.233"/>
  <system-out/>
</testsuite> <!-- com.sauce.testcases.PlaceOrder -->
