<?xml version="1.0" encoding="UTF-8"?>
<!-- Generated by org.testng.reporters.JUnitReportReporter -->
<testsuite skipped="0" hostname="LAPTOP-E956GLFD" name="LoginTest" tests="1" failures="0" timestamp="2021-10-10T21:05:53 IST" time="4.923" errors="0">
  <testcase name="logintest" time="4.923" classname="LoginTest"/>
  <system-out/>
</testsuite> <!-- LoginTest -->
