<?xml version="1.0" encoding="UTF-8"?>
<!-- Generated by org.testng.reporters.JUnitReportReporter -->
<testsuite hostname="LAPTOP-E956GLFD" failures="0" tests="1" name="AddToCart" time="2.796" errors="0" timestamp="2021-10-10T20:25:05 IST" skipped="0">
  <testcase classname="AddToCart" name="AddTocart" time="2.796"/>
  <system-out/>
</testsuite> <!-- AddToCart -->
