<?xml version="1.0" encoding="UTF-8"?>
<!-- Generated by org.testng.reporters.JUnitReportReporter -->
<testsuite hostname="LAPTOP-E956GLFD" failures="0" tests="1" name="LogOutTest" time="6.398" errors="0" timestamp="2021-10-10T20:25:05 IST" skipped="0">
  <testcase classname="LogOutTest" name="logOut" time="6.398"/>
  <system-out/>
</testsuite> <!-- LogOutTest -->
